[2026-05-11T10:22:24.831Z] resolve null pointer in user validation
[2026-05-11T10:30:33.022Z] fix memory leak in event listener cleanup
[2026-05-11T14:33:54.188Z] add real-time status updates via SSE
[2026-05-11T15:31:27.278Z] introduce dark mode toggle
[2026-05-11T16:04:43.104Z] fix broken redirect after authentication
[2026-05-12T13:58:59.025Z] reduce API response time with connection keep-alive
[2026-05-12T14:44:28.046Z] add load testing configuration
[2026-05-13T08:16:26.165Z] resolve infinite loop in recursive parser
[2026-05-13T16:02:35.119Z] implement request caching with TTL support
[2026-05-13T16:11:05.931Z] configure auto-deploy for staging branch
[2026-05-13T16:19:36.809Z] add support for batch processing
[2026-05-14T08:03:48.990Z] implement input sanitization middleware
[2026-05-14T09:58:31.150Z] add timeout handling for slow network requests
[2026-05-14T10:09:50.406Z] consolidate duplicate API call patterns
[2026-05-14T12:36:19.473Z] refactor database queries to use query builder
[2026-05-15T08:44:35.834Z] patch race condition in async handler
[2026-05-15T09:26:04.727Z] extract common utilities into shared helper
[2026-05-15T11:39:39.369Z] implement request caching with TTL support
[2026-05-16T09:27:32.178Z] implement input sanitization middleware
[2026-05-16T11:29:06.665Z] add integration tests for API endpoints
